# JRE version: OpenJDK Runtime Environment Temurin-17.0.16+8 (17.0.16+8) (build 17.0.16+8)
# Java VM: OpenJDK 64-Bit Server VM Temurin-17.0.16+8 (17.0.16+8, mixed mode, emulated-client, sharing, tiered, compressed oops, compressed class ptrs, g1 gc, windows-amd64)
GC Precious Log:
 CPUs: 8 total, 8 available
 Memory: 7865M
 Large Page Support: Disabled
 NUMA Support: Disabled
 Compressed Oops: Enabled (32-bit)
 Heap Region Size: 1M
 Heap Min Capacity: 8M
 Heap Initial Capacity: 124M
 Heap Max Capacity: 1968M
 Pre-touch: Disabled
 Parallel Workers: 8
 Concurrent Workers: 2
 Concurrent Refinement Workers: 8
 Periodic GC: Disabled
Heap:
 garbage-first heap   total 75776K, used 54328K [0x0000000085000000, 0x0000000100000000)
  region size 1024K, 8 young (8192K), 3 survivors (3072K)
 Metaspace       used 63380K, committed 64000K, reserved 1114112K
  class space    used 9028K, committed 9344K, reserved 1048576K
GC Heap History (20 events):
Event: 9.594 GC heap before
{Heap before GC invocations=7 (full 0):
 garbage-first heap   total 61440K, used 43790K [0x0000000085000000, 0x0000000100000000)
  region size 1024K, 27 young (27648K), 3 survivors (3072K)
 Metaspace       used 29801K, committed 30272K, reserved 1114112K
  class space    used 4185K, committed 4416K, reserved 1048576K
}
Event: 9.604 GC heap after
{Heap after GC invocations=8 (full 0):
 garbage-first heap   total 61440K, used 20910K [0x0000000085000000, 0x0000000100000000)
  region size 1024K, 3 young (3072K), 3 survivors (3072K)
 Metaspace       used 29801K, committed 30272K, reserved 1114112K
  class space    used 4185K, committed 4416K, reserved 1048576K
}
Event: 10.059 GC heap before
{Heap before GC invocations=8 (full 0):
 garbage-first heap   total 61440K, used 45486K [0x0000000085000000, 0x0000000100000000)
  region size 1024K, 27 young (27648K), 3 survivors (3072K)
 Metaspace       used 33149K, committed 33600K, reserved 1114112K
  class space    used 4648K, committed 4864K, reserved 1048576K
}
Event: 10.070 GC heap after
{Heap after GC invocations=9 (full 0):
 garbage-first heap   total 73728K, used 23155K [0x0000000085000000, 0x0000000100000000)
  region size 1024K, 4 young (4096K), 4 survivors (4096K)
 Metaspace       used 33149K, committed 33600K, reserved 1114112K
  class space    used 4648K, committed 4864K, reserved 1048576K
}
Event: 10.429 GC heap before
{Heap before GC invocations=9 (full 0):
 garbage-first heap   total 73728K, used 52851K [0x0000000085000000, 0x0000000100000000)
  region size 1024K, 34 young (34816K), 4 survivors (4096K)
 Metaspace       used 35446K, committed 35968K, reserved 1114112K
  class space    used 4974K, committed 5248K, reserved 1048576K
}
Event: 10.436 GC heap after
{Heap after GC invocations=10 (full 0):
 garbage-first heap   total 73728K, used 23939K [0x0000000085000000, 0x0000000100000000)
  region size 1024K, 3 young (3072K), 3 survivors (3072K)
 Metaspace       used 35446K, committed 35968K, reserved 1114112K
  class space    used 4974K, committed 5248K, reserved 1048576K
}
Event: 11.017 GC heap before
{Heap before GC invocations=11 (full 0):
 garbage-first heap   total 73728K, used 56707K [0x0000000085000000, 0x0000000100000000)
  region size 1024K, 35 young (35840K), 3 survivors (3072K)
 Metaspace       used 41059K, committed 41536K, reserved 1114112K
  class space    used 5756K, committed 5952K, reserved 1048576K
}
Event: 11.023 GC heap after
{Heap after GC invocations=12 (full 0):
 garbage-first heap   total 73728K, used 25339K [0x0000000085000000, 0x0000000100000000)
  region size 1024K, 3 young (3072K), 3 survivors (3072K)
 Metaspace       used 41059K, committed 41536K, reserved 1114112K
  class space    used 5756K, committed 5952K, reserved 1048576K
}
Event: 11.513 GC heap before
{Heap before GC invocations=12 (full 0):
 garbage-first heap   total 73728K, used 57083K [0x0000000085000000, 0x0000000100000000)
  region size 1024K, 34 young (34816K), 3 survivors (3072K)
 Metaspace       used 46049K, committed 46528K, reserved 1114112K
  class space    used 6563K, committed 6784K, reserved 1048576K
}
Event: 11.517 GC heap after
{Heap after GC invocations=13 (full 0):
 garbage-first heap   total 73728K, used 26384K [0x0000000085000000, 0x0000000100000000)
  region size 1024K, 4 young (4096K), 4 survivors (4096K)
 Metaspace       used 46049K, committed 46528K, reserved 1114112K
  class space    used 6563K, committed 6784K, reserved 1048576K
}
Event: 12.096 GC heap before
{Heap before GC invocations=13 (full 0):
 garbage-first heap   total 73728K, used 57104K [0x0000000085000000, 0x0000000100000000)
  region size 1024K, 35 young (35840K), 4 survivors (4096K)
 Metaspace       used 52849K, committed 53376K, reserved 1114112K
  class space    used 7550K, committed 7808K, reserved 1048576K
}
Event: 12.101 GC heap after
{Heap after GC invocations=14 (full 0):
 garbage-first heap   total 73728K, used 27795K [0x0000000085000000, 0x0000000100000000)
  region size 1024K, 4 young (4096K), 4 survivors (4096K)
 Metaspace       used 52849K, committed 53376K, reserved 1114112K
  class space    used 7550K, committed 7808K, reserved 1048576K
}
Event: 12.669 GC heap before
{Heap before GC invocations=14 (full 0):
 garbage-first heap   total 73728K, used 58515K [0x0000000085000000, 0x0000000100000000)
  region size 1024K, 34 young (34816K), 4 survivors (4096K)
 Metaspace       used 56382K, committed 57024K, reserved 1114112K
  class space    used 8186K, committed 8512K, reserved 1048576K
}
Event: 12.674 GC heap after
{Heap after GC invocations=15 (full 0):
 garbage-first heap   total 73728K, used 28402K [0x0000000085000000, 0x0000000100000000)
  region size 1024K, 4 young (4096K), 4 survivors (4096K)
 Metaspace       used 56382K, committed 57024K, reserved 1114112K
  class space    used 8186K, committed 8512K, reserved 1048576K
}
Event: 13.187 GC heap before
{Heap before GC invocations=15 (full 0):
 garbage-first heap   total 73728K, used 45810K [0x0000000085000000, 0x0000000100000000)
  region size 1024K, 22 young (22528K), 4 survivors (4096K)
 Metaspace       used 59707K, committed 60288K, reserved 1114112K
  class space    used 8656K, committed 8960K, reserved 1048576K
}
Event: 13.193 GC heap after
{Heap after GC invocations=16 (full 0):
 garbage-first heap   total 73728K, used 29456K [0x0000000085000000, 0x0000000100000000)
  region size 1024K, 3 young (3072K), 3 survivors (3072K)
 Metaspace       used 59707K, committed 60288K, reserved 1114112K
  class space    used 8656K, committed 8960K, reserved 1048576K
}
Event: 13.538 GC heap before
{Heap before GC invocations=17 (full 0):
 garbage-first heap   total 73728K, used 60176K [0x0000000085000000, 0x0000000100000000)
  region size 1024K, 32 young (32768K), 3 survivors (3072K)
 Metaspace       used 63228K, committed 63872K, reserved 1114112K
  class space    used 9007K, committed 9344K, reserved 1048576K
}
Event: 13.547 GC heap after
{Heap after GC invocations=18 (full 0):
 garbage-first heap   total 73728K, used 36122K [0x0000000085000000, 0x0000000100000000)
  region size 1024K, 4 young (4096K), 4 survivors (4096K)
 Metaspace       used 63228K, committed 63872K, reserved 1114112K
  class space    used 9007K, committed 9344K, reserved 1048576K
}
Event: 13.631 GC heap before
{Heap before GC invocations=19 (full 0):
 garbage-first heap   total 75776K, used 57626K [0x0000000085000000, 0x0000000100000000)
  region size 1024K, 24 young (24576K), 4 survivors (4096K)
 Metaspace       used 63261K, committed 63936K, reserved 1114112K
  class space    used 9012K, committed 9344K, reserved 1048576K
}
Event: 13.649 GC heap after
{Heap after GC invocations=20 (full 0):
 garbage-first heap   total 75776K, used 48184K [0x0000000085000000, 0x0000000100000000)
  region size 1024K, 3 young (3072K), 3 survivors (3072K)
 Metaspace       used 63261K, committed 63936K, reserved 1114112K
  class space    used 9012K, committed 9344K, reserved 1048576K
}

